PLINK v1.90b6.21 64-bit (19 Oct 2020)
Options in effect:
  --bfile k2029
  --extract k2029.maf005.indpw.prune.in
  --make-bed
  --out k2029.indpw

Hostname: pencil
Working directory: /Research_Data_new/Trait-genetic-architecture-and-population-structure-genomic-prediction/data/bimbam
Start time: Mon Oct 14 09:32:47 2024

Random number seed: 1728898367
983869 MB RAM detected; reserving 491934 MB for main workspace.
10709466 variants loaded from .bim file.
2029 people (0 males, 0 females, 2029 ambiguous) loaded from .fam.
Ambiguous sex IDs written to k2029.indpw.nosex .
287 phenotype values loaded from .fam.
--extract: 340024 variants remaining.
Warning: Ignoring phenotypes of missing-sex samples.  If you don't want those
phenotypes to be ignored, use the --allow-no-sex flag.
Using 1 thread (no multithreaded calculations invoked).
Before main variant filters, 2029 founders and 0 nonfounders present.
Calculating allele frequencies... done.
340024 variants and 2029 people pass filters and QC.
Phenotype data is quantitative.
--make-bed to k2029.indpw.bed + k2029.indpw.bim + k2029.indpw.fam ... done.

End time: Mon Oct 14 09:32:52 2024
