PLINK v1.90b6.21 64-bit (19 Oct 2020)
Options in effect:
  --bfile k2029
  --indep-pairwise 1000 kb 1 0.5
  --maf 0.05
  --out k2029.maf005.indpw2

Hostname: pencil
Working directory: /Research_Data_new/Trait-genetic-architecture-and-population-structure-genomic-prediction/data/bimbam
Start time: Mon Oct 14 10:45:57 2024

Random number seed: 1728902757
983869 MB RAM detected; reserving 491934 MB for main workspace.
10709466 variants loaded from .bim file.
2029 people (0 males, 0 females, 2029 ambiguous) loaded from .fam.
Ambiguous sex IDs written to k2029.maf005.indpw2.nosex .
287 phenotype values loaded from .fam.
Warning: Ignoring phenotypes of missing-sex samples.  If you don't want those
phenotypes to be ignored, use the --allow-no-sex flag.
Using 1 thread (no multithreaded calculations invoked).
Before main variant filters, 2029 founders and 0 nonfounders present.
Calculating allele frequencies... done.
8946462 variants removed due to minor allele threshold(s)
(--maf/--max-maf/--mac/--max-mac).
1763004 variants and 2029 people pass filters and QC.
Note: No phenotypes present.
Pruned 363631 variants from chromosome 1, leaving 68478.
Pruned 253470 variants from chromosome 2, leaving 39473.
Pruned 291667 variants from chromosome 3, leaving 56195.
Pruned 239249 variants from chromosome 4, leaving 45175.
Pruned 349354 variants from chromosome 5, leaving 56312.
Pruning complete.  1497371 of 1763004 variants removed.
Marker lists written to k2029.maf005.indpw2.prune.in and
k2029.maf005.indpw2.prune.out .

End time: Mon Oct 14 12:23:35 2024
